Flow report for PS2_Demo
Mon Dec 05 18:42:42 2016
Quartus II Version 10.0 Build 218 06/27/2010 SJ Web Edition


---------------------
; Table of Contents ;
---------------------
  1. Legal Notice
  2. Flow Summary
  3. Flow Settings
  4. Flow Non-Default Global Settings
  5. Flow Elapsed Time
  6. Flow OS Summary
  7. Flow Log



----------------
; Legal Notice ;
----------------
Copyright (C) 1991-2010 Altera Corporation
Your use of Altera Corporation's design tools, logic functions 
and other software and tools, and its AMPP partner logic 
functions, and any output files from any of the foregoing 
(including device programming or simulation files), and any 
associated documentation or information are expressly subject 
to the terms and conditions of the Altera Program License 
Subscription Agreement, Altera MegaCore Function License 
Agreement, or other applicable license agreement, including, 
without limitation, that your use is for the sole purpose of 
programming logic devices manufactured by Altera and sold by 
Altera or its authorized distributors.  Please refer to the 
applicable agreement for further details.



+-------------------------------------------------------------------------------+
; Flow Summary                                                                  ;
+------------------------------------+------------------------------------------+
; Flow Status                        ; Successful - Mon Dec 05 18:42:37 2016    ;
; Quartus II Version                 ; 10.0 Build 218 06/27/2010 SJ Web Edition ;
; Revision Name                      ; PS2_Demo                                 ;
; Top-level Entity Name              ; PS2_Demo                                 ;
; Family                             ; Cyclone IV E                             ;
; Device                             ; EP4CE115F29C7                            ;
; Timing Models                      ; Final                                    ;
; Met timing requirements            ; N/A                                      ;
; Total logic elements               ; 101 / 114,480 ( < 1 % )                  ;
;     Total combinational functions  ; 94 / 114,480 ( < 1 % )                   ;
;     Dedicated logic registers      ; 46 / 114,480 ( < 1 % )                   ;
; Total registers                    ; 46                                       ;
; Total pins                         ; 93 / 529 ( 18 % )                        ;
; Total virtual pins                 ; 0                                        ;
; Total memory bits                  ; 0 / 3,981,312 ( 0 % )                    ;
; Embedded Multiplier 9-bit elements ; 0 / 532 ( 0 % )                          ;
; Total PLLs                         ; 0 / 4 ( 0 % )                            ;
+------------------------------------+------------------------------------------+


+-----------------------------------------+
; Flow Settings                           ;
+-------------------+---------------------+
; Option            ; Setting             ;
+-------------------+---------------------+
; Start date & time ; 12/05/2016 18:42:08 ;
; Main task         ; Compilation         ;
; Revision Name     ; PS2_Demo            ;
+-------------------+---------------------+


+----------------------------------------------------------------------------------------------------------------+
; Flow Non-Default Global Settings                                                                               ;
+-----------------------------------+---------------------------------+---------------+-------------+------------+
; Assignment Name                   ; Value                           ; Default Value ; Entity Name ; Section Id ;
+-----------------------------------+---------------------------------+---------------+-------------+------------+
; COMPILER_SIGNATURE_ID             ; 167403782743815.148093452811716 ; --            ; --          ; --         ;
; MAX_CORE_JUNCTION_TEMP            ; 85                              ; --            ; --          ; --         ;
; MIN_CORE_JUNCTION_TEMP            ; 0                               ; --            ; --          ; --         ;
; VERILOG_INPUT_VERSION             ; SystemVerilog_2005              ; Verilog_2001  ; --          ; --         ;
; VERILOG_SHOW_LMF_MAPPING_MESSAGES ; Off                             ; --            ; --          ; --         ;
+-----------------------------------+---------------------------------+---------------+-------------+------------+


+-------------------------------------------------------------------------------------------------------------------------------+
; Flow Elapsed Time                                                                                                             ;
+---------------------------+--------------+-------------------------+---------------------+------------------------------------+
; Module Name               ; Elapsed Time ; Average Processors Used ; Peak Virtual Memory ; Total CPU Time (on all processors) ;
+---------------------------+--------------+-------------------------+---------------------+------------------------------------+
; Analysis & Synthesis      ; 00:00:02     ; 1.0                     ; 279 MB              ; 00:00:02                           ;
; Fitter                    ; 00:00:18     ; 1.0                     ; 472 MB              ; 00:00:19                           ;
; Assembler                 ; 00:00:07     ; 1.0                     ; 486 MB              ; 00:00:07                           ;
; TimeQuest Timing Analyzer ; 00:00:04     ; 1.0                     ; 331 MB              ; 00:00:04                           ;
; Total                     ; 00:00:31     ; --                      ; --                  ; 00:00:32                           ;
+---------------------------+--------------+-------------------------+---------------------+------------------------------------+


+--------------------------------------------------------------------------------------------+
; Flow OS Summary                                                                            ;
+---------------------------+------------------+---------------+------------+----------------+
; Module Name               ; Machine Hostname ; OS Name       ; OS Version ; Processor type ;
+---------------------------+------------------+---------------+------------+----------------+
; Analysis & Synthesis      ; DESKTOP-0UI3B5O  ; Windows Vista ; 6.2        ; x86_64         ;
; Fitter                    ; DESKTOP-0UI3B5O  ; Windows Vista ; 6.2        ; x86_64         ;
; Assembler                 ; DESKTOP-0UI3B5O  ; Windows Vista ; 6.2        ; x86_64         ;
; TimeQuest Timing Analyzer ; DESKTOP-0UI3B5O  ; Windows Vista ; 6.2        ; x86_64         ;
+---------------------------+------------------+---------------+------------+----------------+


------------
; Flow Log ;
------------
quartus_map --read_settings_files=on --write_settings_files=off PS2_Demo -c PS2_Demo
quartus_fit --read_settings_files=off --write_settings_files=off PS2_Demo -c PS2_Demo
quartus_asm --read_settings_files=off --write_settings_files=off PS2_Demo -c PS2_Demo
quartus_sta PS2_Demo -c PS2_Demo



